[0.487s] Invoking command in '/home/andres/ros2_ws/src/my_turtle_controller': PYTHONPATH=/home/andres/ros2_ws/build/my_turtle_controller/prefix_override:/usr/lib/python3/dist-packages/colcon_core/task/python/colcon_distutils_commands:/home/andres/ros2_ws/install/my_turtle_controller/lib/python3.10/site-packages:${PYTHONPATH} /usr/bin/python3 -W ignore:setup.py install is deprecated -W ignore:easy_install command is deprecated setup.py egg_info --egg-base ../../build/my_turtle_controller build --build-base /home/andres/ros2_ws/build/my_turtle_controller/build install --record /home/andres/ros2_ws/build/my_turtle_controller/install.log --single-version-externally-managed install_data
[0.658s] running egg_info
[0.660s] creating ../../build/my_turtle_controller/my_turtle_controller.egg-info
[0.660s] writing ../../build/my_turtle_controller/my_turtle_controller.egg-info/PKG-INFO
[0.660s] writing dependency_links to ../../build/my_turtle_controller/my_turtle_controller.egg-info/dependency_links.txt
[0.660s] writing entry points to ../../build/my_turtle_controller/my_turtle_controller.egg-info/entry_points.txt
[0.660s] writing requirements to ../../build/my_turtle_controller/my_turtle_controller.egg-info/requires.txt
[0.660s] writing top-level names to ../../build/my_turtle_controller/my_turtle_controller.egg-info/top_level.txt
[0.660s] writing manifest file '../../build/my_turtle_controller/my_turtle_controller.egg-info/SOURCES.txt'
[0.660s] reading manifest file '../../build/my_turtle_controller/my_turtle_controller.egg-info/SOURCES.txt'
[0.660s] writing manifest file '../../build/my_turtle_controller/my_turtle_controller.egg-info/SOURCES.txt'
[0.660s] running build
[0.660s] running install
[0.660s] running install_data
[0.660s] creating /home/andres/ros2_ws/install/my_turtle_controller/share/ament_index
[0.661s] creating /home/andres/ros2_ws/install/my_turtle_controller/share/ament_index/resource_index
[0.661s] creating /home/andres/ros2_ws/install/my_turtle_controller/share/ament_index/resource_index/packages
[0.661s] copying resource/my_turtle_controller -> /home/andres/ros2_ws/install/my_turtle_controller/share/ament_index/resource_index/packages
[0.661s] copying package.xml -> /home/andres/ros2_ws/install/my_turtle_controller/share/my_turtle_controller
[0.661s] running install_egg_info
[0.662s] Copying ../../build/my_turtle_controller/my_turtle_controller.egg-info to /home/andres/ros2_ws/install/my_turtle_controller/lib/python3.10/site-packages/my_turtle_controller-0.0.0-py3.10.egg-info
[0.662s] running install_scripts
[0.675s] Installing move_turtle script to /home/andres/ros2_ws/install/my_turtle_controller/lib/my_turtle_controller
[0.675s] writing list of installed files to '/home/andres/ros2_ws/build/my_turtle_controller/install.log'
[0.691s] Invoked command in '/home/andres/ros2_ws/src/my_turtle_controller' returned '0': PYTHONPATH=/home/andres/ros2_ws/build/my_turtle_controller/prefix_override:/usr/lib/python3/dist-packages/colcon_core/task/python/colcon_distutils_commands:/home/andres/ros2_ws/install/my_turtle_controller/lib/python3.10/site-packages:${PYTHONPATH} /usr/bin/python3 -W ignore:setup.py install is deprecated -W ignore:easy_install command is deprecated setup.py egg_info --egg-base ../../build/my_turtle_controller build --build-base /home/andres/ros2_ws/build/my_turtle_controller/build install --record /home/andres/ros2_ws/build/my_turtle_controller/install.log --single-version-externally-managed install_data
