running egg_info
writing ../../build/my_turtle_controller/my_turtle_controller.egg-info/PKG-INFO
writing dependency_links to ../../build/my_turtle_controller/my_turtle_controller.egg-info/dependency_links.txt
writing entry points to ../../build/my_turtle_controller/my_turtle_controller.egg-info/entry_points.txt
writing requirements to ../../build/my_turtle_controller/my_turtle_controller.egg-info/requires.txt
writing top-level names to ../../build/my_turtle_controller/my_turtle_controller.egg-info/top_level.txt
reading manifest file '../../build/my_turtle_controller/my_turtle_controller.egg-info/SOURCES.txt'
writing manifest file '../../build/my_turtle_controller/my_turtle_controller.egg-info/SOURCES.txt'
running build
running build_py
creating /home/andres/ros2_ws/build/my_turtle_controller/build
creating /home/andres/ros2_ws/build/my_turtle_controller/build/lib
creating /home/andres/ros2_ws/build/my_turtle_controller/build/lib/my_turtle_controller
copying my_turtle_controller/__init__.py -> /home/andres/ros2_ws/build/my_turtle_controller/build/lib/my_turtle_controller
running install
running install_lib
creating /home/andres/ros2_ws/install/my_turtle_controller/lib/python3.10/site-packages/my_turtle_controller
copying /home/andres/ros2_ws/build/my_turtle_controller/build/lib/my_turtle_controller/__init__.py -> /home/andres/ros2_ws/install/my_turtle_controller/lib/python3.10/site-packages/my_turtle_controller
byte-compiling /home/andres/ros2_ws/install/my_turtle_controller/lib/python3.10/site-packages/my_turtle_controller/__init__.py to __init__.cpython-310.pyc
running install_data
running install_egg_info
removing '/home/andres/ros2_ws/install/my_turtle_controller/lib/python3.10/site-packages/my_turtle_controller-0.0.0-py3.10.egg-info' (and everything under it)
Copying ../../build/my_turtle_controller/my_turtle_controller.egg-info to /home/andres/ros2_ws/install/my_turtle_controller/lib/python3.10/site-packages/my_turtle_controller-0.0.0-py3.10.egg-info
running install_scripts
Installing move_turtle script to /home/andres/ros2_ws/install/my_turtle_controller/lib/my_turtle_controller
writing list of installed files to '/home/andres/ros2_ws/build/my_turtle_controller/install.log'
