[0.349s] Invoking command in '/home/andres/ros2_ws/src/my_turtle_controller': PYTHONPATH=/home/andres/ros2_ws/build/my_turtle_controller/prefix_override:/usr/lib/python3/dist-packages/colcon_core/task/python/colcon_distutils_commands:/home/andres/ros2_ws/install/my_turtle_controller/lib/python3.10/site-packages:${PYTHONPATH} /usr/bin/python3 -W ignore:setup.py install is deprecated -W ignore:easy_install command is deprecated setup.py egg_info --egg-base ../../build/my_turtle_controller build --build-base /home/andres/ros2_ws/build/my_turtle_controller/build install --record /home/andres/ros2_ws/build/my_turtle_controller/install.log --single-version-externally-managed install_data
[0.473s] running egg_info
[0.474s] writing ../../build/my_turtle_controller/my_turtle_controller.egg-info/PKG-INFO
[0.474s] writing dependency_links to ../../build/my_turtle_controller/my_turtle_controller.egg-info/dependency_links.txt
[0.474s] writing entry points to ../../build/my_turtle_controller/my_turtle_controller.egg-info/entry_points.txt
[0.474s] writing requirements to ../../build/my_turtle_controller/my_turtle_controller.egg-info/requires.txt
[0.474s] writing top-level names to ../../build/my_turtle_controller/my_turtle_controller.egg-info/top_level.txt
[0.475s] reading manifest file '../../build/my_turtle_controller/my_turtle_controller.egg-info/SOURCES.txt'
[0.475s] writing manifest file '../../build/my_turtle_controller/my_turtle_controller.egg-info/SOURCES.txt'
[0.475s] running build
[0.475s] running build_py
[0.476s] copying my_turtle_controller/move_turtle.py -> /home/andres/ros2_ws/build/my_turtle_controller/build/lib/my_turtle_controller
[0.476s] running install
[0.476s] running install_lib
[0.476s] copying /home/andres/ros2_ws/build/my_turtle_controller/build/lib/my_turtle_controller/move_turtle.py -> /home/andres/ros2_ws/install/my_turtle_controller/lib/python3.10/site-packages/my_turtle_controller
[0.476s] byte-compiling /home/andres/ros2_ws/install/my_turtle_controller/lib/python3.10/site-packages/my_turtle_controller/move_turtle.py to move_turtle.cpython-310.pyc
[0.477s] running install_data
[0.477s] running install_egg_info
[0.479s] removing '/home/andres/ros2_ws/install/my_turtle_controller/lib/python3.10/site-packages/my_turtle_controller-0.0.0-py3.10.egg-info' (and everything under it)
[0.479s] Copying ../../build/my_turtle_controller/my_turtle_controller.egg-info to /home/andres/ros2_ws/install/my_turtle_controller/lib/python3.10/site-packages/my_turtle_controller-0.0.0-py3.10.egg-info
[0.480s] running install_scripts
[0.491s] Installing move_turtle script to /home/andres/ros2_ws/install/my_turtle_controller/lib/my_turtle_controller
[0.491s] writing list of installed files to '/home/andres/ros2_ws/build/my_turtle_controller/install.log'
[0.507s] Invoked command in '/home/andres/ros2_ws/src/my_turtle_controller' returned '0': PYTHONPATH=/home/andres/ros2_ws/build/my_turtle_controller/prefix_override:/usr/lib/python3/dist-packages/colcon_core/task/python/colcon_distutils_commands:/home/andres/ros2_ws/install/my_turtle_controller/lib/python3.10/site-packages:${PYTHONPATH} /usr/bin/python3 -W ignore:setup.py install is deprecated -W ignore:easy_install command is deprecated setup.py egg_info --egg-base ../../build/my_turtle_controller build --build-base /home/andres/ros2_ws/build/my_turtle_controller/build install --record /home/andres/ros2_ws/build/my_turtle_controller/install.log --single-version-externally-managed install_data
